 1 1.172783e+01  1.322372e+02 
 2 6.482150e-02  4.701237e+01 
 3 6.482150e-02  1.980601e+01 
 4 6.482150e-02  7.559243e+00 
 5 3.701012e-02  3.783521e+00 
 6 3.701012e-02  1.542231e+00 
 7 2.839811e-02  1.048474e+00 
 8 2.839811e-02  5.095997e-01 
 9 2.839811e-02  3.797931e-01 
 10 2.821146e-02  3.644202e-01 
 11 7.625957e-03  3.501527e-01 
 12 7.625957e-03  8.826948e-02 
 13 7.625957e-03  2.284129e-01 
 14 2.951855e-03  1.381997e-01 
 15 1.331862e-04  1.547817e-01 
 16 1.331862e-04  1.738781e-01 
 17 1.331862e-04  7.267621e-02 
 18 1.331862e-04  5.445266e-02 
 19 1.331862e-04  6.749938e-02 
 20 5.000614e-05  6.305296e-02 
 21 5.000614e-05  1.326628e-01 
 22 1.903026e-05  1.111032e-01 
 23 1.903026e-05  2.007257e-01 
 24 1.903026e-05  1.762879e-01 
 25 1.903026e-05  9.753586e-02 
 26 1.895099e-05  1.026798e-01 
 27 1.895099e-05  1.611135e-01 
 28 1.895099e-05  1.015696e-01 
 29 1.674413e-05  7.679419e-02 
 30 1.674413e-05  2.322988e-01 
 31 1.656427e-05  1.387756e-01 
 32 1.656427e-05  6.899320e-01 
 33 1.656427e-05  1.665872e-01 
 34 1.656427e-05  1.645579e-01 
 35 1.442409e-05  1.655523e-01 
 36 1.421427e-05  3.332807e-02 
 37 8.343267e-06  5.760338e-01 
 38 8.343267e-06  1.949085e-01 
 39 8.343267e-06  1.556159e-01 
 40 8.343267e-06  1.124367e-01 
 41 8.343267e-06  1.432629e-01 
 42 7.367347e-06  3.979937e-02 
 43 7.367347e-06  9.925045e-02 
 44 7.367347e-06  1.560279e-01 
 45 7.331035e-06  5.155915e-01 
 46 6.157349e-06  2.332095e-02 
 47 6.157349e-06  1.495138e-01 
 48 6.157349e-06  2.463045e-02 
 49 6.157349e-06  1.416483e-01 
 50 6.157349e-06  7.454749e-01 
 51 6.148390e-06  1.514685e-01 
 52 6.148390e-06  7.948954e-02 
 53 6.148390e-06  3.718238e-02 
 54 5.153322e-06  1.716747e-01 
 55 5.153322e-06  2.005743e-01 
 56 5.153322e-06  9.250171e-02 
 57 5.153322e-06  1.570718e-01 
 58 5.153322e-06  1.575167e-01 
 59 5.153322e-06  2.840789e-01 
 60 5.046337e-06  1.702866e-01 
 61 5.046337e-06  1.728050e-01 
 62 4.955770e-06  2.445444e-01 
 63 4.955770e-06  1.292338e-01 
 64 4.955770e-06  9.767239e-02 
 65 4.803016e-06  1.952397e-01 
 66 4.803016e-06  1.199128e-01 
 67 4.803016e-06  1.381868e-01 
 68 4.803016e-06  2.550840e-01 
 69 4.777793e-06  1.603022e-01 
 70 4.777793e-06  8.928287e-02 
 71 4.777793e-06  7.065622e-02 
 72 4.777793e-06  6.993413e-02 
 73 4.774367e-06  1.061741e-01 
 74 4.774367e-06  2.547990e-01 
 75 4.774367e-06  1.204314e-01 
 76 4.774367e-06  1.298142e-01 
 77 4.774367e-06  1.042201e-01 
 78 4.709281e-06  1.305707e-01 
 79 4.709281e-06  1.206667e-01 
 80 4.709281e-06  3.468029e-01 
 81 4.633412e-06  1.357585e-01 
 82 4.633412e-06  4.020669e-01 
 83 4.633412e-06  2.780298e-01 
 84 4.633412e-06  1.361730e-01 
 85 4.633412e-06  1.129530e-01 
 86 4.633412e-06  1.026195e-01 
 87 4.633412e-06  2.522540e-01 
 88 4.626829e-06  3.587480e-01 
 89 4.626829e-06  2.177318e-01 
 90 4.626829e-06  4.627516e-02 
 91 4.626829e-06  6.816290e-02 
 92 4.626829e-06  2.115014e-02 
 93 4.626829e-06  8.470541e-02 
 94 4.626829e-06  3.077644e-02 
 95 4.551481e-06  1.052254e-01 
 96 4.551481e-06  2.433667e-01 
 97 4.551481e-06  4.795624e-02 
 98 4.551481e-06  7.403039e-02 
 99 4.551481e-06  7.675421e-02 
 100 4.551481e-06  9.432291e-02 
 101 4.551481e-06  1.621884e-01 
 102 4.551481e-06  2.497197e-01 
 103 4.551481e-06  3.384737e-02 
 104 4.551426e-06  1.227860e-01 
 105 4.551426e-06  3.625714e-01 
 106 4.542032e-06  1.255458e-01 
 107 1.704249e-06  4.706379e-01 
 108 1.704249e-06  1.227854e-01 
 109 1.704249e-06  9.542984e-02 
 110 1.700672e-06  1.157096e-01 
 111 1.700672e-06  1.087177e-01 
 112 1.700672e-06  1.520304e-01 
 113 1.403691e-06  2.129070e-01 
 114 1.151531e-06  1.314562e-01 
 115 1.151531e-06  2.271589e-01 
 116 1.149081e-06  1.832300e-01 
 117 1.149081e-06  1.399857e-01 
 118 1.149081e-06  1.805132e-01 
 119 1.131176e-06  3.076642e-01 
 120 1.102481e-06  2.023839e-02 
 121 1.102481e-06  5.795711e-01 
 122 1.102481e-06  8.113128e-02 
 123 1.102481e-06  3.959426e-01 
 124 1.102481e-06  6.668992e-02 
 125 1.102481e-06  2.490699e-01 
 126 1.088686e-06  1.659712e-01 
 127 1.084285e-06  2.607678e-01 
 128 1.084285e-06  1.475091e-01 
 129 1.084285e-06  1.121050e-01 
 130 1.084285e-06  1.581314e-01 
 131 1.084285e-06  3.196297e-01 
 132 1.084285e-06  3.063347e-02 
 133 1.084285e-06  2.045207e-01 
 134 1.084285e-06  2.686654e-01 
 135 1.084285e-06  1.515696e-01 
 136 1.084285e-06  6.748181e-02 
 137 1.083616e-06  1.030392e-01 
 138 1.083616e-06  1.210684e-01 
 139 1.083616e-06  2.630007e-01 
 140 1.083616e-06  3.283362e-01 
 141 1.083616e-06  6.079713e-02 
 142 1.083616e-06  7.202218e-02 
 143 1.083580e-06  2.788578e-01 
 144 1.083580e-06  8.804018e-02 
 145 1.083500e-06  6.127841e-02 
 146 1.083500e-06  1.200426e-01 
 147 1.083358e-06  2.301978e-01 
 148 1.083358e-06  1.427005e-01 
 149 1.083358e-06  1.085805e-01 
 150 1.083358e-06  1.004157e-01 
 151 1.083358e-06  1.337871e-01 
 152 1.083354e-06  3.050059e-01 
 153 1.083354e-06  2.647486e-01 
 154 1.083354e-06  1.005711e-01 
 155 1.083354e-06  7.643961e-01 
 156 1.083354e-06  3.124896e-01 
 157 1.083354e-06  1.581252e-01 
 158 1.083353e-06  1.976797e-01 
 159 1.083351e-06  1.148755e-01 
 160 1.083351e-06  3.704939e-02 
 161 1.083351e-06  3.498762e-01 
 162 1.083351e-06  2.566880e-01 
 163 1.083351e-06  3.406164e-01 
 164 1.083350e-06  1.914570e-01 
 165 1.083350e-06  6.671695e-02 
 166 1.083350e-06  1.440341e-01 
 167 1.083350e-06  5.932775e-02 
 168 1.083350e-06  1.075498e-01 
 169 1.083350e-06  3.128949e-01 
 170 1.083350e-06  7.610657e-02 
 171 1.083350e-06  1.482680e-01 
 172 1.083350e-06  8.407093e-02 
 173 1.083350e-06  1.773540e-01 
 174 1.083350e-06  1.956053e-01 
 175 1.083350e-06  1.011596e-01 
 176 1.083350e-06  1.820274e-01 
 177 1.083350e-06  2.678289e-01 
 178 1.083350e-06  2.152621e-01 
 179 1.083350e-06  4.352621e-01 
 180 1.083350e-06  3.202443e-02 
 181 1.083350e-06  6.404403e-02 
 182 1.083350e-06  2.424200e-03 
 183 1.083350e-06  1.879360e-01 
 184 1.083349e-06  1.555431e-01 
 185 1.083349e-06  4.298431e-01 
 186 1.083349e-06  4.464947e-01 
 187 1.083349e-06  9.468671e-02 
 188 1.083349e-06  1.624684e-01 
 189 1.083349e-06  2.107615e-01 
 190 1.083349e-06  1.190763e-01 
 191 1.083349e-06  2.358201e-01 
 192 1.083349e-06  1.128007e-01 
 193 1.083349e-06  2.368913e-01 
 194 1.083349e-06  1.086007e-01 
 195 1.083349e-06  2.935892e-01 
 196 1.083349e-06  6.503886e-02 
 197 1.083349e-06  1.043006e-01 
 198 1.083349e-06  1.750006e-01 
 199 1.083349e-06  3.519896e-02 
 200 1.083349e-06  3.533901e-02 
 201 1.083349e-06  1.243931e-01 
 202 1.083349e-06  3.814016e-01 
 203 1.083349e-06  2.917455e-01 
 204 1.083349e-06  1.334555e-01 
 205 1.083349e-06  2.087714e-01 
 206 1.083349e-06  1.979730e-01 
 207 1.083349e-06  1.504148e-01 
 208 1.083349e-06  7.068666e-01 
 209 1.083349e-06  1.830884e-01 
 210 1.083349e-06  1.155237e-01 
 211 1.083349e-06  1.078345e-01 
 212 1.083349e-06  9.378844e-02 
 213 1.083349e-06  6.013413e-02 
 214 1.083349e-06  4.576278e-01 
 215 1.083349e-06  2.984530e-01 
 216 1.083349e-06  6.620962e-02 
 217 1.083349e-06  4.457401e-01 
 218 1.083349e-06  2.277579e-01 
 219 1.083349e-06  1.216383e-01 
 220 1.083349e-06  1.501198e-01 
 221 1.083349e-06  1.646158e-01 
 222 1.083349e-06  1.011570e-01 
 223 1.083349e-06  2.461482e-01 
 224 1.083349e-06  1.135290e-01 
 225 1.083349e-06  1.500144e-01 
 226 1.083349e-06  2.632349e-01 
 227 1.083349e-06  3.634716e-01 
 228 1.083349e-06  1.883759e-01 
 229 1.083349e-06  1.835419e-01 
 230 1.083349e-06  2.078201e-01 
 231 1.083349e-06  1.812695e-01 
 232 1.083349e-06  2.219708e-01 
 233 1.083349e-06  7.518716e-02 
 234 1.083349e-06  6.109902e-02 
 235 1.083349e-06  1.432045e-01 
 236 1.083349e-06  1.782749e-01 
 237 1.083349e-06  3.696883e-01 
 238 1.083349e-06  4.907820e-01 
 239 1.083349e-06  1.138852e-01 
 240 1.083349e-06  2.838982e-01 
 241 1.083349e-06  1.424959e-01 
 242 1.083349e-06  1.979775e-01 
 243 1.083349e-06  7.760072e-02 
 244 1.083349e-06  2.028236e-01 
 245 1.083349e-06  7.878773e-02 
 246 1.083349e-06  2.826849e-01 
 247 1.083349e-06  4.031823e-02 
 248 1.083349e-06  2.789484e-02 
 249 1.083349e-06  7.025747e-02 
 250 1.083349e-06  2.088305e-01 
